#
# A fatal error has been detected by the Java Runtime Environment:
#
#  EXCEPTION_ACCESS_VIOLATION (0xc0000005) at pc=0x000000006171f3df, pid=11032, tid=0x0000000000001174
#
# JRE version: Java(TM) SE Runtime Environment (8.0_191-b12) (build 1.8.0_191-b12)
# Java VM: Java HotSpot(TM) 64-Bit Server VM (25.191-b12 mixed mode windows-amd64 compressed oops)
# Problematic frame:
# V  [jvm.dll+0x41f3df]
#
# Failed to write core dump. Minidumps are not enabled by default on client versions of Windows
#
# If you would like to submit a bug report, please visit:
#   http://bugreport.java.com/bugreport/crash.jsp
#

---------------  T H R E A D  ---------------

Current thread (0x000000001ef6c800):  JavaThread "C1 CompilerThread3" daemon [_thread_in_native, id=4468, stack(0x000000001f8d0000,0x000000001f9d0000)]

siginfo: ExceptionCode=0xc0000005, reading address 0x0000000000000018

Registers:
RAX=0x0000000000000000, RBX=0x000000001f9cec00, RCX=0x000000001ef73df0, RDX=0x000000002055b520
RSP=0x000000001f9cec80, RBP=0x000000001efbdab0, RSI=0x000000001f9cec70, RDI=0x000000001f9cf220
R8 =0x000000001e55f728, R9 =0x0000000000000002, R10=0x000000001ef70f20, R11=0x000000001f9ceb80
R12=0x000000001f0ac701, R13=0x0000000000000000, R14=0x0000000000000000, R15=0x00000000000000b8
RIP=0x000000006171f3df, EFLAGS=0x0000000000010246

Top of Stack: (sp=0x000000001f9cec80)
0x000000001f9cec80:   000000001f9cec70 0000000000000000
0x000000001f9cec90:   000000001f9cec70 0000000020b9e964
0x000000001f9ceca0:   0000000000000000 000000001f9cf220
0x000000001f9cecb0:   00000000619661a8 0000000020b67c00
0x000000001f9cecc0:   000000001f0ac760 00000000208c8c00
0x000000001f9cecd0:   000000001f0ac760 0000000000000000
0x000000001f9cece0:   0000000000000000 000000001f0ac8f0
0x000000001f9cecf0:   000000001f0ac760 000000001f9cf220
0x000000001f9ced00:   0000000000000001 000000002055a500
0x000000001f9ced10:   0000000000000000 00000000000000b8
0x000000001f9ced20:   000000001f9cf220 0000000000000000
0x000000001f9ced30:   000000001f9cedb0 0000000061721ca7
0x000000001f9ced40:   0000000020b9e901 0000000020b9e964
0x000000001f9ced50:   000000001f0ac700 0000000000000000
0x000000001f9ced60:   0000000020b9e7d0 00000000208c8c00
0x000000001f9ced70:   0000000020b9e964 0000000000000000 

Instructions: (pc=0x000000006171f3df)
0x000000006171f3bf:   41 81 ff b6 00 00 00 74 0d 41 81 ff b9 00 00 00
0x000000006171f3cf:   74 04 32 db eb 02 b3 01 48 8b 46 30 48 8b 4f 50
0x000000006171f3df:   8b 50 18 03 94 24 d8 00 00 00 e8 92 2b 03 00 4c
0x000000006171f3ef:   8b e8 84 db 74 3d 48 8b 4f 50 ff 49 30 48 63 51 


Register to memory mapping:

RAX=0x0000000000000000 is an unknown value
RBX=0x000000001f9cec00 is pointing into the stack for thread: 0x000000001ef6c800
RCX=0x000000001ef73df0 is an unknown value
RDX=0x000000002055b520 is an unknown value
RSP=0x000000001f9cec80 is pointing into the stack for thread: 0x000000001ef6c800
RBP=0x000000001efbdab0 is an unknown value
RSI=0x000000001f9cec70 is pointing into the stack for thread: 0x000000001ef6c800
RDI=0x000000001f9cf220 is pointing into the stack for thread: 0x000000001ef6c800
R8 =0x000000001e55f728 is an unknown value
R9 =0x0000000000000002 is an unknown value
R10=0x000000001ef70f20 is an unknown value
R11=0x000000001f9ceb80 is pointing into the stack for thread: 0x000000001ef6c800
R12=0x000000001f0ac701 is an unknown value
R13=0x0000000000000000 is an unknown value
R14=0x0000000000000000 is an unknown value
R15=0x00000000000000b8 is an unknown value


Stack: [0x000000001f8d0000,0x000000001f9d0000],  sp=0x000000001f9cec80,  free space=1019k
Native frames: (J=compiled Java code, j=interpreted, Vv=VM code, C=native code)
V  [jvm.dll+0x41f3df]
V  [jvm.dll+0x421ca7]
V  [jvm.dll+0x42259d]
V  [jvm.dll+0x423386]
V  [jvm.dll+0x4235e8]
V  [jvm.dll+0x41f2c2]
V  [jvm.dll+0x421ca7]
V  [jvm.dll+0x42259d]
V  [jvm.dll+0x422992]
V  [jvm.dll+0x427aa5]
V  [jvm.dll+0x427bb0]
V  [jvm.dll+0x4110f8]
V  [jvm.dll+0x411361]
V  [jvm.dll+0x411522]
V  [jvm.dll+0x4116f1]
V  [jvm.dll+0x4118ff]
V  [jvm.dll+0xa6c82]
V  [jvm.dll+0xa75cf]
V  [jvm.dll+0x2461df]
V  [jvm.dll+0x29eb9a]
C  [msvcr100.dll+0x21d9f]
C  [msvcr100.dll+0x21e3b]
C  [KERNEL32.DLL+0x17034]
C  [ntdll.dll+0x52651]


Current CompileTask:
C1:   7034 3284       1       java.beans.Introspector::getTargetEventInfo (1082 bytes)


---------------  P R O C E S S  ---------------

Java Threads: ( => current thread )
  0x0000000020b3e000 JavaThread "RMI TCP Connection(5)-192.168.100.4" daemon [_thread_in_native, id=6428, stack(0x0000000020f70000,0x0000000021070000)]
  0x00000000206db800 JavaThread "RMI TCP Connection(4)-192.168.100.4" daemon [_thread_in_native, id=6272, stack(0x0000000021f70000,0x0000000022070000)]
  0x00000000204c9800 JavaThread "RMI Scheduler(0)" daemon [_thread_blocked, id=15740, stack(0x0000000021970000,0x0000000021a70000)]
  0x00000000204c1800 JavaThread "RMI TCP Connection(2)-192.168.100.4" daemon [_thread_in_native, id=18180, stack(0x0000000021870000,0x0000000021970000)]
  0x000000001f22c000 JavaThread "RMI TCP Accept-0" daemon [_thread_in_native, id=588, stack(0x000000001faf0000,0x000000001fbf0000)]
  0x000000001f003000 JavaThread "Service Thread" daemon [_thread_blocked, id=9188, stack(0x000000001f9d0000,0x000000001fad0000)]
=>0x000000001ef6c800 JavaThread "C1 CompilerThread3" daemon [_thread_in_native, id=4468, stack(0x000000001f8d0000,0x000000001f9d0000)]
  0x000000001ef6c000 JavaThread "C2 CompilerThread2" daemon [_thread_blocked, id=11180, stack(0x000000001f7d0000,0x000000001f8d0000)]
  0x000000001ef69000 JavaThread "C2 CompilerThread1" daemon [_thread_blocked, id=5728, stack(0x000000001f6d0000,0x000000001f7d0000)]
  0x000000001ef4c800 JavaThread "C2 CompilerThread0" daemon [_thread_blocked, id=17392, stack(0x000000001f5d0000,0x000000001f6d0000)]
  0x000000001ef4b000 JavaThread "Monitor Ctrl-Break" daemon [_thread_in_native, id=17248, stack(0x000000001f4d0000,0x000000001f5d0000)]
  0x000000001e4b5000 JavaThread "Attach Listener" daemon [_thread_blocked, id=4424, stack(0x000000001ebd0000,0x000000001ecd0000)]
  0x000000001e510800 JavaThread "Signal Dispatcher" daemon [_thread_blocked, id=4832, stack(0x000000001ead0000,0x000000001ebd0000)]
  0x000000001c694000 JavaThread "Finalizer" daemon [_thread_blocked, id=4784, stack(0x000000001e970000,0x000000001ea70000)]
  0x000000001e490800 JavaThread "Reference Handler" daemon [_thread_blocked, id=4780, stack(0x000000001e870000,0x000000001e970000)]
  0x0000000002a92800 JavaThread "main" [_thread_in_vm, id=11228, stack(0x0000000002990000,0x0000000002a90000)]

Other Threads:
  0x000000001c685800 VMThread [stack: 0x000000001e370000,0x000000001e470000] [id=13676]
  0x000000001f23b800 WatcherThread [stack: 0x000000001fbf0000,0x000000001fcf0000] [id=6944]

VM state:not at safepoint (normal execution)

VM Mutex/Monitor currently owned by a thread: None

Heap:
 PSYoungGen      total 135168K, used 120581K [0x000000076bb80000, 0x0000000777e80000, 0x00000007c0000000)
  eden space 124416K, 89% used [0x000000076bb80000,0x00000007728804a8,0x0000000773500000)
  from space 10752K, 83% used [0x0000000773500000,0x0000000773dc10c0,0x0000000773f80000)
  to   space 13312K, 0% used [0x0000000777180000,0x0000000777180000,0x0000000777e80000)
 ParOldGen       total 97792K, used 10068K [0x00000006c3200000, 0x00000006c9180000, 0x000000076bb80000)
  object space 97792K, 10% used [0x00000006c3200000,0x00000006c3bd5318,0x00000006c9180000)
 Metaspace       used 30935K, capacity 31992K, committed 32128K, reserved 1077248K
  class space    used 4212K, capacity 4456K, committed 4480K, reserved 1048576K

Card table byte_map: [0x0000000012100000,0x00000000128f0000] byte_map_base: 0x000000000eae7000

Marking Bits: (ParMarkBitMap*) 0x0000000061b23e30
 Begin Bits: [0x0000000013640000, 0x0000000017578000)
 End Bits:   [0x0000000017578000, 0x000000001b4b0000)

Polling page: 0x0000000000d50000

CodeCache: size=245760Kb used=6990Kb max_used=6990Kb free=238769Kb
 bounds [0x0000000002d40000, 0x0000000003420000, 0x0000000011d40000]
 total_blobs=3714 nmethods=3282 adapters=344
 compilation: enabled

Compilation events (10 events):
Event: 6.993 Thread 0x000000001ef6c800 nmethod 3279 0x0000000003411150 code [0x00000000034112a0, 0x00000000034113d0]
Event: 6.993 Thread 0x000000001ef6c800 3280       1       org.aspectj.weaver.UnresolvedType::isParameterizedType (16 bytes)
Event: 6.993 Thread 0x000000001ef6c800 nmethod 3280 0x0000000003411450 code [0x00000000034115a0, 0x00000000034116d0]
Event: 6.994 Thread 0x000000001ef6c800 3281       1       org.aspectj.weaver.ResolvedType::isMissing (2 bytes)
Event: 6.994 Thread 0x000000001ef6c800 nmethod 3281 0x0000000003411750 code [0x00000000034118a0, 0x00000000034119b0]
Event: 6.995 Thread 0x000000001ef6c800 3283   !   1       org.springframework.cglib.core.CodeEmitter::process_switch (301 bytes)
Event: 6.996 Thread 0x000000001ef6c800 nmethod 3283 0x0000000003411a10 code [0x0000000003411c60, 0x0000000003412788]
Event: 6.996 Thread 0x000000001ef6c800 3282       1       org.springframework.cglib.core.CodeEmitter::process_switch (48 bytes)
Event: 6.996 Thread 0x000000001ef6c800 nmethod 3282 0x0000000003413690 code [0x0000000003413820, 0x00000000034139e8]
Event: 6.999 Thread 0x000000001ef6c800 3284       1       java.beans.Introspector::getTargetEventInfo (1082 bytes)

GC Heap History (10 events):
Event: 3.332 GC heap before
{Heap before GC invocations=2 (full 0):
 PSYoungGen      total 75776K, used 72794K [0x000000076bb80000, 0x0000000771000000, 0x00000007c0000000)
  eden space 65024K, 100% used [0x000000076bb80000,0x000000076fb00000,0x000000076fb00000)
  from space 10752K, 72% used [0x000000076fb00000,0x00000007702968d0,0x0000000770580000)
  to   space 10752K, 0% used [0x0000000770580000,0x0000000770580000,0x0000000771000000)
 ParOldGen       total 173568K, used 16K [0x00000006c3200000, 0x00000006cdb80000, 0x000000076bb80000)
  object space 173568K, 0% used [0x00000006c3200000,0x00000006c3204000,0x00000006cdb80000)
 Metaspace       used 19544K, capacity 20138K, committed 20224K, reserved 1067008K
  class space    used 2554K, capacity 2737K, committed 2816K, reserved 1048576K
Event: 3.339 GC heap after
Heap after GC invocations=2 (full 0):
 PSYoungGen      total 75776K, used 10742K [0x000000076bb80000, 0x0000000771000000, 0x00000007c0000000)
  eden space 65024K, 0% used [0x000000076bb80000,0x000000076bb80000,0x000000076fb00000)
  from space 10752K, 99% used [0x0000000770580000,0x0000000770ffd960,0x0000000771000000)
  to   space 10752K, 0% used [0x000000076fb00000,0x000000076fb00000,0x0000000770580000)
 ParOldGen       total 173568K, used 1949K [0x00000006c3200000, 0x00000006cdb80000, 0x000000076bb80000)
  object space 173568K, 1% used [0x00000006c3200000,0x00000006c33e75d8,0x00000006cdb80000)
 Metaspace       used 19544K, capacity 20138K, committed 20224K, reserved 1067008K
  class space    used 2554K, capacity 2737K, committed 2816K, reserved 1048576K
}
Event: 3.437 GC heap before
{Heap before GC invocations=3 (full 0):
 PSYoungGen      total 75776K, used 21828K [0x000000076bb80000, 0x0000000771000000, 0x00000007c0000000)
  eden space 65024K, 17% used [0x000000076bb80000,0x000000076c653a38,0x000000076fb00000)
  from space 10752K, 99% used [0x0000000770580000,0x0000000770ffd960,0x0000000771000000)
  to   space 10752K, 0% used [0x000000076fb00000,0x000000076fb00000,0x0000000770580000)
 ParOldGen       total 173568K, used 1949K [0x00000006c3200000, 0x00000006cdb80000, 0x000000076bb80000)
  object space 173568K, 1% used [0x00000006c3200000,0x00000006c33e75d8,0x00000006cdb80000)
 Metaspace       used 20607K, capacity 21222K, committed 21296K, reserved 1067008K
  class space    used 2736K, capacity 2895K, committed 2944K, reserved 1048576K
Event: 3.443 GC heap after
Heap after GC invocations=3 (full 0):
 PSYoungGen      total 75776K, used 10291K [0x000000076bb80000, 0x0000000774f80000, 0x00000007c0000000)
  eden space 65024K, 0% used [0x000000076bb80000,0x000000076bb80000,0x000000076fb00000)
  from space 10752K, 95% used [0x000000076fb00000,0x000000077050ce88,0x0000000770580000)
  to   space 10752K, 0% used [0x0000000774500000,0x0000000774500000,0x0000000774f80000)
 ParOldGen       total 173568K, used 1957K [0x00000006c3200000, 0x00000006cdb80000, 0x000000076bb80000)
  object space 173568K, 1% used [0x00000006c3200000,0x00000006c33e95d8,0x00000006cdb80000)
 Metaspace       used 20607K, capacity 21222K, committed 21296K, reserved 1067008K
  class space    used 2736K, capacity 2895K, committed 2944K, reserved 1048576K
}
Event: 3.443 GC heap before
{Heap before GC invocations=4 (full 1):
 PSYoungGen      total 75776K, used 10291K [0x000000076bb80000, 0x0000000774f80000, 0x00000007c0000000)
  eden space 65024K, 0% used [0x000000076bb80000,0x000000076bb80000,0x000000076fb00000)
  from space 10752K, 95% used [0x000000076fb00000,0x000000077050ce88,0x0000000770580000)
  to   space 10752K, 0% used [0x0000000774500000,0x0000000774500000,0x0000000774f80000)
 ParOldGen       total 173568K, used 1957K [0x00000006c3200000, 0x00000006cdb80000, 0x000000076bb80000)
  object space 173568K, 1% used [0x00000006c3200000,0x00000006c33e95d8,0x00000006cdb80000)
 Metaspace       used 20607K, capacity 21222K, committed 21296K, reserved 1067008K
  class space    used 2736K, capacity 2895K, committed 2944K, reserved 1048576K
Event: 3.472 GC heap after
Heap after GC invocations=4 (full 1):
 PSYoungGen      total 75776K, used 0K [0x000000076bb80000, 0x0000000774f80000, 0x00000007c0000000)
  eden space 65024K, 0% used [0x000000076bb80000,0x000000076bb80000,0x000000076fb00000)
  from space 10752K, 0% used [0x000000076fb00000,0x000000076fb00000,0x0000000770580000)
  to   space 10752K, 0% used [0x0000000774500000,0x0000000774500000,0x0000000774f80000)
 ParOldGen       total 97792K, used 10052K [0x00000006c3200000, 0x00000006c9180000, 0x000000076bb80000)
  object space 97792K, 10% used [0x00000006c3200000,0x00000006c3bd1318,0x00000006c9180000)
 Metaspace       used 20607K, capacity 21222K, committed 21296K, reserved 1067008K
  class space    used 2736K, capacity 2895K, committed 2944K, reserved 1048576K
}
Event: 5.391 GC heap before
{Heap before GC invocations=5 (full 1):
 PSYoungGen      total 75776K, used 65024K [0x000000076bb80000, 0x0000000774f80000, 0x00000007c0000000)
  eden space 65024K, 100% used [0x000000076bb80000,0x000000076fb00000,0x000000076fb00000)
  from space 10752K, 0% used [0x000000076fb00000,0x000000076fb00000,0x0000000770580000)
  to   space 10752K, 0% used [0x0000000774500000,0x0000000774500000,0x0000000774f80000)
 ParOldGen       total 97792K, used 10052K [0x00000006c3200000, 0x00000006c9180000, 0x000000076bb80000)
  object space 97792K, 10% used [0x00000006c3200000,0x00000006c3bd1318,0x00000006c9180000)
 Metaspace       used 24494K, capacity 25430K, committed 25600K, reserved 1071104K
  class space    used 3309K, capacity 3535K, committed 3584K, reserved 1048576K
Event: 5.396 GC heap after
Heap after GC invocations=5 (full 1):
 PSYoungGen      total 112128K, used 4894K [0x000000076bb80000, 0x0000000774a00000, 0x00000007c0000000)
  eden space 107008K, 0% used [0x000000076bb80000,0x000000076bb80000,0x0000000772400000)
  from space 5120K, 95% used [0x0000000774500000,0x00000007749c7928,0x0000000774a00000)
  to   space 10752K, 0% used [0x0000000773500000,0x0000000773500000,0x0000000773f80000)
 ParOldGen       total 97792K, used 10060K [0x00000006c3200000, 0x00000006c9180000, 0x000000076bb80000)
  object space 97792K, 10% used [0x00000006c3200000,0x00000006c3bd3318,0x00000006c9180000)
 Metaspace       used 24494K, capacity 25430K, committed 25600K, reserved 1071104K
  class space    used 3309K, capacity 3535K, committed 3584K, reserved 1048576K
}
Event: 6.075 GC heap before
{Heap before GC invocations=6 (full 1):
 PSYoungGen      total 112128K, used 111902K [0x000000076bb80000, 0x0000000774a00000, 0x00000007c0000000)
  eden space 107008K, 100% used [0x000000076bb80000,0x0000000772400000,0x0000000772400000)
  from space 5120K, 95% used [0x0000000774500000,0x00000007749c7928,0x0000000774a00000)
  to   space 10752K, 0% used [0x0000000773500000,0x0000000773500000,0x0000000773f80000)
 ParOldGen       total 97792K, used 10060K [0x00000006c3200000, 0x00000006c9180000, 0x000000076bb80000)
  object space 97792K, 10% used [0x00000006c3200000,0x00000006c3bd3318,0x00000006c9180000)
 Metaspace       used 26683K, capacity 27662K, committed 27776K, reserved 1073152K
  class space    used 3663K, capacity 3887K, committed 3968K, reserved 1048576K
Event: 6.082 GC heap after
Heap after GC invocations=6 (full 1):
 PSYoungGen      total 135168K, used 8964K [0x000000076bb80000, 0x0000000777e80000, 0x00000007c0000000)
  eden space 124416K, 0% used [0x000000076bb80000,0x000000076bb80000,0x0000000773500000)
  from space 10752K, 83% used [0x0000000773500000,0x0000000773dc10c0,0x0000000773f80000)
  to   space 13312K, 0% used [0x0000000777180000,0x0000000777180000,0x0000000777e80000)
 ParOldGen       total 97792K, used 10068K [0x00000006c3200000, 0x00000006c9180000, 0x000000076bb80000)
  object space 97792K, 10% used [0x00000006c3200000,0x00000006c3bd5318,0x00000006c9180000)
 Metaspace       used 26683K, capacity 27662K, committed 27776K, reserved 1073152K
  class space    used 3663K, capacity 3887K, committed 3968K, reserved 1048576K
}

Deoptimization events (0 events):
No events

Classes redefined (0 events):
No events

Internal exceptions (10 events):
Event: 6.980 Thread 0x0000000002a92800 Exception <a 'java/lang/ArrayIndexOutOfBoundsException'> (0x00000007723d2330) thrown at [C:\re\workspace\8-2-build-windows-amd64-cygwin\jdk8u191\11896\hotspot\src\share\vm\runtime\sharedRuntime.cpp, line 605]
Event: 6.981 Thread 0x0000000002a92800 Exception <a 'java/lang/ArrayIndexOutOfBoundsException'> (0x00000007723dac38) thrown at [C:\re\workspace\8-2-build-windows-amd64-cygwin\jdk8u191\11896\hotspot\src\share\vm\runtime\sharedRuntime.cpp, line 605]
Event: 6.984 Thread 0x0000000002a92800 Exception <a 'java/lang/ArrayIndexOutOfBoundsException'> (0x00000007723f82f8) thrown at [C:\re\workspace\8-2-build-windows-amd64-cygwin\jdk8u191\11896\hotspot\src\share\vm\runtime\sharedRuntime.cpp, line 605]
Event: 6.993 Thread 0x0000000002a92800 Exception <a 'java/lang/ArrayIndexOutOfBoundsException'> (0x000000077245b870) thrown at [C:\re\workspace\8-2-build-windows-amd64-cygwin\jdk8u191\11896\hotspot\src\share\vm\runtime\sharedRuntime.cpp, line 605]
Event: 6.993 Thread 0x0000000002a92800 Exception <a 'java/lang/ArrayIndexOutOfBoundsException'> (0x00000007724623e0) thrown at [C:\re\workspace\8-2-build-windows-amd64-cygwin\jdk8u191\11896\hotspot\src\share\vm\runtime\sharedRuntime.cpp, line 605]
Event: 6.993 Thread 0x0000000002a92800 Exception <a 'java/lang/ArrayIndexOutOfBoundsException'> (0x0000000772464618) thrown at [C:\re\workspace\8-2-build-windows-amd64-cygwin\jdk8u191\11896\hotspot\src\share\vm\runtime\sharedRuntime.cpp, line 605]
Event: 6.998 Thread 0x0000000002a92800 Exception <a 'java/lang/ClassNotFoundException': java/lang/ObjectCustomizer> (0x00000007724e88a0) thrown at [C:\re\workspace\8-2-build-windows-amd64-cygwin\jdk8u191\11896\hotspot\src\share\vm\classfile\systemDictionary.cpp, line 210]
Event: 6.998 Thread 0x0000000002a92800 Exception <a 'java/lang/ClassNotFoundException': org/springframework/boot/autoconfigure/web/servlet/ServletWebServerFactoryCustomizerCustomizer> (0x000000077251f5a0) thrown at [C:\re\workspace\8-2-build-windows-amd64-cygwin\jdk8u191\11896\hotspot\src\shar
Event: 6.999 Thread 0x0000000002a92800 Exception <a 'java/lang/ClassNotFoundException': org/springframework/boot/web/server/WebServerFactoryCustomizerCustomizer> (0x000000077254e3a0) thrown at [C:\re\workspace\8-2-build-windows-amd64-cygwin\jdk8u191\11896\hotspot\src\share\vm\classfile\systemD
Event: 7.000 Thread 0x0000000002a92800 Exception <a 'java/lang/ClassNotFoundException': org/springframework/core/OrderedCustomizer> (0x000000077256a948) thrown at [C:\re\workspace\8-2-build-windows-amd64-cygwin\jdk8u191\11896\hotspot\src\share\vm\classfile\systemDictionary.cpp, line 210]

Events (10 events):
Event: 6.999 loading class org/springframework/boot/web/server/WebServerFactoryCustomizerCustomizer
Event: 6.999 loading class org/springframework/boot/web/server/WebServerFactoryCustomizerCustomizer done
Event: 6.999 loading class org/springframework/boot/web/server/WebServerFactoryCustomizerCustomizer
Event: 6.999 loading class org/springframework/boot/web/server/WebServerFactoryCustomizerCustomizer done
Event: 7.000 loading class org/springframework/core/OrderedCustomizer
Event: 7.000 loading class org/springframework/core/OrderedCustomizer done
Event: 7.000 loading class org/springframework/core/OrderedCustomizer
Event: 7.000 loading class org/springframework/core/OrderedCustomizer done
Event: 7.000 loading class org/springframework/core/OrderedCustomizer
Event: 7.000 loading class org/springframework/core/OrderedCustomizer done


Dynamic libraries:
0x00007ff669f50000 - 0x00007ff669f87000 	C:\Program Files\Java\jdk1.8.0_191\bin\java.exe
0x00007ffd04d10000 - 0x00007ffd04f05000 	C:\WINDOWS\SYSTEM32\ntdll.dll
0x00007ffd049a0000 - 0x00007ffd04a5d000 	C:\WINDOWS\System32\KERNEL32.DLL
0x00007ffd02820000 - 0x00007ffd02ae8000 	C:\WINDOWS\System32\KERNELBASE.dll
0x00007ffd04040000 - 0x00007ffd040ec000 	C:\WINDOWS\System32\ADVAPI32.dll
0x00007ffd04490000 - 0x00007ffd0452e000 	C:\WINDOWS\System32\msvcrt.dll
0x00007ffd043f0000 - 0x00007ffd0448b000 	C:\WINDOWS\System32\sechost.dll
0x00007ffd04b40000 - 0x00007ffd04c6b000 	C:\WINDOWS\System32\RPCRT4.dll
0x00007ffd04250000 - 0x00007ffd043f0000 	C:\WINDOWS\System32\USER32.dll
0x00007ffd02d00000 - 0x00007ffd02d22000 	C:\WINDOWS\System32\win32u.dll
0x00007ffd040f0000 - 0x00007ffd0411a000 	C:\WINDOWS\System32\GDI32.dll
0x00007ffd02af0000 - 0x00007ffd02bfb000 	C:\WINDOWS\System32\gdi32full.dll
0x00007ffd024b0000 - 0x00007ffd0254d000 	C:\WINDOWS\System32\msvcp_win.dll
0x00007ffd02c00000 - 0x00007ffd02d00000 	C:\WINDOWS\System32\ucrtbase.dll
0x00007ffcebfe0000 - 0x00007ffcec27a000 	C:\WINDOWS\WinSxS\amd64_microsoft.windows.common-controls_6595b64144ccf1df_6.0.19041.1052_none_60b8f8fd71f5e8cb\COMCTL32.dll
0x00007ffd03b00000 - 0x00007ffd03b30000 	C:\WINDOWS\System32\IMM32.DLL
0x0000000061bb0000 - 0x0000000061c82000 	C:\Program Files\Java\jdk1.8.0_191\jre\bin\msvcr100.dll
0x0000000061300000 - 0x0000000061ba4000 	C:\Program Files\Java\jdk1.8.0_191\jre\bin\server\jvm.dll
0x00007ffd04b30000 - 0x00007ffd04b38000 	C:\WINDOWS\System32\PSAPI.DLL
0x00007ffcd6ef0000 - 0x00007ffcd6ef9000 	C:\WINDOWS\SYSTEM32\WSOCK32.dll
0x00007ffcf76f0000 - 0x00007ffcf76fa000 	C:\WINDOWS\SYSTEM32\VERSION.dll
0x00007ffced6f0000 - 0x00007ffced717000 	C:\WINDOWS\SYSTEM32\WINMM.dll
0x00007ffd04ac0000 - 0x00007ffd04b2b000 	C:\WINDOWS\System32\WS2_32.dll
0x00000000612f0000 - 0x00000000612ff000 	C:\Program Files\Java\jdk1.8.0_191\jre\bin\verify.dll
0x00000000612c0000 - 0x00000000612e9000 	C:\Program Files\Java\jdk1.8.0_191\jre\bin\java.dll
0x0000000061270000 - 0x0000000061293000 	C:\Program Files\Java\jdk1.8.0_191\jre\bin\instrument.dll
0x00000000612a0000 - 0x00000000612b6000 	C:\Program Files\Java\jdk1.8.0_191\jre\bin\zip.dll
0x00007ffd032f0000 - 0x00007ffd03a2f000 	C:\WINDOWS\System32\SHELL32.dll
0x00007ffd00580000 - 0x00007ffd00d10000 	C:\WINDOWS\SYSTEM32\windows.storage.dll
0x00007ffd03bc0000 - 0x00007ffd03f15000 	C:\WINDOWS\System32\combase.dll
0x00007ffd01ec0000 - 0x00007ffd01eec000 	C:\WINDOWS\SYSTEM32\Wldp.dll
0x00007ffd03130000 - 0x00007ffd031de000 	C:\WINDOWS\System32\SHCORE.dll
0x00007ffd04c70000 - 0x00007ffd04cc5000 	C:\WINDOWS\System32\shlwapi.dll
0x00007ffd02390000 - 0x00007ffd023af000 	C:\WINDOWS\SYSTEM32\profapi.dll
0x00007ffcc4100000 - 0x00007ffcc411a000 	D:\install\idea\idea\IntelliJ IDEA 2019.3.5\bin\breakgen64.dll
0x0000000061250000 - 0x000000006126a000 	C:\Program Files\Java\jdk1.8.0_191\jre\bin\net.dll
0x00007ffd01c30000 - 0x00007ffd01c9a000 	C:\WINDOWS\system32\mswsock.dll
0x00007ffd01920000 - 0x00007ffd019ec000 	C:\WINDOWS\SYSTEM32\DNSAPI.dll
0x00007ffd018d0000 - 0x00007ffd0190b000 	C:\WINDOWS\SYSTEM32\IPHLPAPI.DLL
0x00007ffd03120000 - 0x00007ffd03128000 	C:\WINDOWS\System32\NSI.dll
0x00007ffcf70a0000 - 0x00007ffcf70aa000 	C:\Windows\System32\rasadhlp.dll
0x00007ffcf48f0000 - 0x00007ffcf496f000 	C:\WINDOWS\System32\fwpuclnt.dll
0x00007ffd026b0000 - 0x00007ffd026d7000 	C:\WINDOWS\System32\bcrypt.dll
0x0000000061220000 - 0x000000006122d000 	C:\Program Files\Java\jdk1.8.0_191\jre\bin\management.dll
0x0000000061230000 - 0x0000000061241000 	C:\Program Files\Java\jdk1.8.0_191\jre\bin\nio.dll
0x00007ffd01e00000 - 0x00007ffd01e18000 	C:\WINDOWS\SYSTEM32\CRYPTSP.dll
0x00007ffd01560000 - 0x00007ffd01594000 	C:\WINDOWS\system32\rsaenh.dll
0x00007ffd02310000 - 0x00007ffd0233e000 	C:\WINDOWS\SYSTEM32\USERENV.dll
0x00007ffd02790000 - 0x00007ffd02813000 	C:\WINDOWS\System32\bcryptprimitives.dll
0x00007ffd01e20000 - 0x00007ffd01e2c000 	C:\WINDOWS\SYSTEM32\CRYPTBASE.dll
0x00007ffcf7790000 - 0x00007ffcf77a7000 	C:\WINDOWS\SYSTEM32\dhcpcsvc6.DLL
0x00007ffcf7770000 - 0x00007ffcf778d000 	C:\WINDOWS\SYSTEM32\dhcpcsvc.DLL
0x00007ffcdf520000 - 0x00007ffcdf537000 	C:\WINDOWS\system32\napinsp.dll
0x00007ffcde3d0000 - 0x00007ffcde3eb000 	C:\WINDOWS\system32\pnrpnsp.dll
0x00007ffcf9c50000 - 0x00007ffcf9c65000 	C:\WINDOWS\system32\wshbth.dll
0x00007ffcfa620000 - 0x00007ffcfa63d000 	C:\WINDOWS\system32\NLAapi.dll
0x00007ffcde350000 - 0x00007ffcde362000 	C:\WINDOWS\System32\winrnr.dll
0x00007ffd00200000 - 0x00007ffd003e4000 	C:\WINDOWS\SYSTEM32\dbghelp.dll

VM Arguments:
jvm_args: -XX:TieredStopAtLevel=1 -Xverify:none -Dspring.output.ansi.enabled=always -Dcom.sun.management.jmxremote -Dspring.jmx.enabled=true -Dspring.liveBeansView.mbeanDomain -Dspring.application.admin.enabled=true -javaagent:D:\install\idea\idea\IntelliJ IDEA 2019.3.5\lib\idea_rt.jar=50058:D:\install\idea\idea\IntelliJ IDEA 2019.3.5\bin -Dfile.encoding=UTF-8 
java_command: com.leyou.gateway.LyGateway
java_class_path (initial): C:\Program Files\Java\jdk1.8.0_191\jre\lib\charsets.jar;C:\Program Files\Java\jdk1.8.0_191\jre\lib\deploy.jar;C:\Program Files\Java\jdk1.8.0_191\jre\lib\ext\access-bridge-64.jar;C:\Program Files\Java\jdk1.8.0_191\jre\lib\ext\cldrdata.jar;C:\Program Files\Java\jdk1.8.0_191\jre\lib\ext\dnsns.jar;C:\Program Files\Java\jdk1.8.0_191\jre\lib\ext\jaccess.jar;C:\Program Files\Java\jdk1.8.0_191\jre\lib\ext\jfxrt.jar;C:\Program Files\Java\jdk1.8.0_191\jre\lib\ext\localedata.jar;C:\Program Files\Java\jdk1.8.0_191\jre\lib\ext\nashorn.jar;C:\Program Files\Java\jdk1.8.0_191\jre\lib\ext\sunec.jar;C:\Program Files\Java\jdk1.8.0_191\jre\lib\ext\sunjce_provider.jar;C:\Program Files\Java\jdk1.8.0_191\jre\lib\ext\sunmscapi.jar;C:\Program Files\Java\jdk1.8.0_191\jre\lib\ext\sunpkcs11.jar;C:\Program Files\Java\jdk1.8.0_191\jre\lib\ext\zipfs.jar;C:\Program Files\Java\jdk1.8.0_191\jre\lib\javaws.jar;C:\Program Files\Java\jdk1.8.0_191\jre\lib\jce.jar;C:\Program Files\Java\jdk1.8.0_191\jre\lib\jfr.jar;C:\Program Files\Java\jdk1.8.0_191\jre\lib\jfxswt.jar;C:\Program Files\Java\jdk1.8.0_191\jre\lib\jsse.jar;C:\Program Files\Java\jdk1.8.0_191\jre\lib\management-agent.jar;C:\Program Files\Java\jdk1.8.0_191\jre\lib\plugin.jar;C:\Program Files\Java\jdk1.8.0_191\jre\lib\resources.jar;C:\Program Files\Java\jdk1.8.0_191\jre\lib\rt.jar;D:\gitSpringboot\leyou\ly-gateway\target\classes;D:\soft\apache-maven-3.6.3\repository\org\springframework\cloud\spring-cloud-starter-netflix-zuul\2.0.1.RELEASE\spring-cloud-starter-netflix-zuul-2.0.1.RELEASE.jar;D:\soft\apache-maven-3.6.3\repository\org\springframework\cloud\spring-cloud-netflix-zuul\2.0.1.RELEASE\spring-cloud-netflix-zuul-2.0.1.RELEASE.jar;D:\soft\apache-maven-3.6.3\repository\org\apache\httpcomponents\httpclient\4.5.5\httpclient-4.5.5.jar;D:\soft\apache-maven-3.6.3\repository\org\apache\httpcomponents\httpcore\4.4.9\httpcore-4.4.9.jar;D:\soft\apache-maven-3.6.3\repository\commons-codec\commons-codec\1.11\commons-codec-1.1
Launcher Type: SUN_STANDARD

Environment Variables:
PATH=C:\Program Files (x86)\Common Files\Oracle\Java\javapath;D:\AI\softinstall\Scripts\;D:\AI\softinstall\;C:\Windows\system32;C:\Windows;C:\Windows\System32\Wbem;C:\Windows\System32\WindowsPowerShell\v1.0\;C:\Windows\System32\OpenSSH\;C:\Program Files (x86)\NVIDIA Corporation\PhysX\Common;C:\Program Files\NVIDIA Corporation\NVIDIA NvDLISR;C:\WINDOWS\system32;C:\WINDOWS;C:\WINDOWS\System32\Wbem;C:\WINDOWS\System32\WindowsPowerShell\v1.0\;C:\WINDOWS\System32\OpenSSH\;C:\Program Files\Git\cmd;D:\soft\apache-maven-3.6.3\bin;D:\install\node\;C:\Users\ltx\AppData\Local\Microsoft\WindowsApps;;D:\AI\softinstall\PyCharm Community Edition 2020.2.2\bin;;D:\install\Microsoft VS Code\bin;C:\Users\ltx\AppData\Roaming\npm
USERNAME=ltx
OS=Windows_NT
PROCESSOR_IDENTIFIER=Intel64 Family 6 Model 126 Stepping 5, GenuineIntel



---------------  S Y S T E M  ---------------

OS: Windows 10.0 , 64 bit Build 19041 (10.0.19041.1023)

CPU:total 8 (initial active 8) (4 cores per cpu, 2 threads per core) family 6 model 126 stepping 5, cmov, cx8, fxsr, mmx, sse, sse2, sse3, ssse3, sse4.1, sse4.2, popcnt, avx, avx2, aes, clmul, erms, 3dnowpref, lzcnt, ht, tsc, tscinvbit, bmi1, bmi2, adx

Memory: 4k page, physical 16567544k(9483584k free), swap 21548280k(12240608k free)

vm_info: Java HotSpot(TM) 64-Bit Server VM (25.191-b12) for windows-amd64 JRE (1.8.0_191-b12), built on Oct  6 2018 09:29:03 by "java_re" with MS VC++ 10.0 (VS2010)

time: Sat Jul 10 11:41:32 2021
elapsed time: 7 seconds (0d 0h 0m 7s)

